{"C:\\Users\\Ibrahim Adekunle\\Desktop\\simple-money-transfer\\money-transfer-api\\src\\config\\database.ts": {"path":"C:\\Users\\Ibrahim Adekunle\\Desktop\\simple-money-transfer\\money-transfer-api\\src\\config\\database.ts","statementMap":{"0":{"start":{"line":1,"column":0},"end":{"line":1,"column":37}},"1":{"start":{"line":2,"column":0},"end":{"line":2,"column":28}},"2":{"start":{"line":3,"column":0},"end":{"line":3,"column":50}},"3":{"start":{"line":5,"column":0},"end":{"line":5,"column":16}},"4":{"start":{"line":11,"column":13},"end":{"line":21,"column":3}},"5":{"start":{"line":27,"column":31},"end":{"line":36,"column":2}},"6":{"start":{"line":27,"column":42},"end":{"line":36,"column":2}},"7":{"start":{"line":28,"column":2},"end":{"line":35,"column":3}},"8":{"start":{"line":29,"column":4},"end":{"line":29,"column":37}},"9":{"start":{"line":30,"column":4},"end":{"line":30,"column":53}},"10":{"start":{"line":31,"column":4},"end":{"line":31,"column":40}},"11":{"start":{"line":33,"column":4},"end":{"line":33,"column":69}},"12":{"start":{"line":34,"column":4},"end":{"line":34,"column":16}},"13":{"start":{"line":27,"column":13},"end":{"line":27,"column":31}}},"fnMap":{"0":{"name":"(anonymous_8)","decl":{"start":{"line":27,"column":31},"end":{"line":27,"column":40}},"loc":{"start":{"line":27,"column":42},"end":{"line":36,"column":2}}},"1":{"name":"(anonymous_9)","decl":{"start":{"line":27,"column":42},"end":{"line":27,"column":null}},"loc":{"start":{"line":27,"column":42},"end":{"line":36,"column":1}}}},"branchMap":{"0":{"loc":{"start":{"line":14,"column":17},"end":{"line":14,"column":46}},"type":"cond-expr","locations":[{"start":{"line":14,"column":36},"end":{"line":14,"column":40}},{"start":{"line":14,"column":40},"end":{"line":14,"column":46}}]},"1":{"loc":{"start":{"line":14,"column":17},"end":{"line":14,"column":40}},"type":"binary-expr","locations":[{"start":{"line":14,"column":17},"end":{"line":14,"column":40}},{"start":{"line":14,"column":36},"end":{"line":14,"column":40}}]}},"s":{"0":4,"1":4,"2":4,"3":4,"4":4,"5":4,"6":0,"7":0,"8":0,"9":0,"10":0,"11":0,"12":0,"13":4},"f":{"0":0,"1":0},"b":{"0":[4,0],"1":[4,4]}}
,"C:\\Users\\Ibrahim Adekunle\\Desktop\\simple-money-transfer\\money-transfer-api\\src\\controllers\\authController.ts": {"path":"C:\\Users\\Ibrahim Adekunle\\Desktop\\simple-money-transfer\\money-transfer-api\\src\\controllers\\authController.ts","statementMap":{"0":{"start":{"line":2,"column":0},"end":{"line":2,"column":54}},"1":{"start":{"line":4,"column":20},"end":{"line":4,"column":37}},"2":{"start":{"line":8,"column":4},"end":{"line":18,"column":5}},"3":{"start":{"line":9,"column":37},"end":{"line":9,"column":45}},"4":{"start":{"line":10,"column":19},"end":{"line":10,"column":69}},"5":{"start":{"line":11,"column":6},"end":{"line":15,"column":9}},"6":{"start":{"line":17,"column":6},"end":{"line":17,"column":18}},"7":{"start":{"line":22,"column":4},"end":{"line":28,"column":5}},"8":{"start":{"line":23,"column":37},"end":{"line":23,"column":45}},"9":{"start":{"line":24,"column":20},"end":{"line":24,"column":74}},"10":{"start":{"line":25,"column":6},"end":{"line":25,"column":78}},"11":{"start":{"line":27,"column":6},"end":{"line":27,"column":18}},"12":{"start":{"line":6,"column":0},"end":{"line":6,"column":13}}},"fnMap":{"0":{"name":"(anonymous_7)","decl":{"start":{"line":7,"column":8},"end":{"line":7,"column":16}},"loc":{"start":{"line":7,"column":64},"end":{"line":19,"column":null}}},"1":{"name":"(anonymous_9)","decl":{"start":{"line":21,"column":8},"end":{"line":21,"column":13}},"loc":{"start":{"line":21,"column":61},"end":{"line":29,"column":null}}}},"branchMap":{},"s":{"0":1,"1":1,"2":2,"3":2,"4":2,"5":1,"6":1,"7":2,"8":2,"9":2,"10":1,"11":1,"12":1},"f":{"0":2,"1":2},"b":{}}
,"C:\\Users\\Ibrahim Adekunle\\Desktop\\simple-money-transfer\\money-transfer-api\\src\\controllers\\transferController.ts": {"path":"C:\\Users\\Ibrahim Adekunle\\Desktop\\simple-money-transfer\\money-transfer-api\\src\\controllers\\transferController.ts","statementMap":{"0":{"start":{"line":2,"column":0},"end":{"line":2,"column":62}},"1":{"start":{"line":3,"column":0},"end":{"line":3,"column":54}},"2":{"start":{"line":6,"column":24},"end":{"line":6,"column":45}},"3":{"start":{"line":7,"column":20},"end":{"line":7,"column":37}},"4":{"start":{"line":11,"column":4},"end":{"line":24,"column":5}},"5":{"start":{"line":12,"column":44},"end":{"line":12,"column":52}},"6":{"start":{"line":13,"column":6},"end":{"line":15,"column":7}},"7":{"start":{"line":14,"column":8},"end":{"line":14,"column":63}},"8":{"start":{"line":16,"column":23},"end":{"line":16,"column":34}},"9":{"start":{"line":17,"column":6},"end":{"line":17,"column":80}},"10":{"start":{"line":19,"column":6},"end":{"line":21,"column":9}},"11":{"start":{"line":23,"column":6},"end":{"line":23,"column":18}},"12":{"start":{"line":28,"column":4},"end":{"line":65,"column":5}},"13":{"start":{"line":29,"column":21},"end":{"line":29,"column":33}},"14":{"start":{"line":30,"column":6},"end":{"line":32,"column":7}},"15":{"start":{"line":31,"column":8},"end":{"line":31,"column":63}},"16":{"start":{"line":34,"column":19},"end":{"line":34,"column":58}},"17":{"start":{"line":35,"column":20},"end":{"line":35,"column":61}},"18":{"start":{"line":36,"column":24},"end":{"line":38,"column":19}},"19":{"start":{"line":39,"column":22},"end":{"line":41,"column":19}},"20":{"start":{"line":42,"column":23},"end":{"line":42,"column":63}},"21":{"start":{"line":43,"column":27},"end":{"line":43,"column":77}},"22":{"start":{"line":45,"column":33},"end":{"line":52,"column":null}},"23":{"start":{"line":55,"column":6},"end":{"line":62,"column":9}},"24":{"start":{"line":64,"column":6},"end":{"line":64,"column":18}},"25":{"start":{"line":69,"column":4},"end":{"line":87,"column":5}},"26":{"start":{"line":70,"column":33},"end":{"line":70,"column":41}},"27":{"start":{"line":71,"column":6},"end":{"line":73,"column":7}},"28":{"start":{"line":72,"column":8},"end":{"line":72,"column":63}},"29":{"start":{"line":74,"column":22},"end":{"line":74,"column":33}},"30":{"start":{"line":77,"column":6},"end":{"line":77,"column":65}},"31":{"start":{"line":80,"column":6},"end":{"line":80,"column":72}},"32":{"start":{"line":82,"column":6},"end":{"line":84,"column":9}},"33":{"start":{"line":86,"column":6},"end":{"line":86,"column":18}},"34":{"start":{"line":91,"column":4},"end":{"line":124,"column":5}},"35":{"start":{"line":92,"column":6},"end":{"line":94,"column":7}},"36":{"start":{"line":93,"column":8},"end":{"line":93,"column":63}},"37":{"start":{"line":95,"column":23},"end":{"line":95,"column":34}},"38":{"start":{"line":96,"column":19},"end":{"line":96,"column":58}},"39":{"start":{"line":97,"column":20},"end":{"line":97,"column":61}},"40":{"start":{"line":98,"column":24},"end":{"line":100,"column":19}},"41":{"start":{"line":101,"column":22},"end":{"line":103,"column":19}},"42":{"start":{"line":104,"column":21},"end":{"line":104,"column":59}},"43":{"start":{"line":106,"column":35},"end":{"line":112,"column":null}},"44":{"start":{"line":115,"column":6},"end":{"line":121,"column":9}},"45":{"start":{"line":123,"column":6},"end":{"line":123,"column":18}},"46":{"start":{"line":9,"column":0},"end":{"line":9,"column":13}}},"fnMap":{"0":{"name":"(anonymous_7)","decl":{"start":{"line":10,"column":8},"end":{"line":10,"column":22}},"loc":{"start":{"line":10,"column":70},"end":{"line":25,"column":null}}},"1":{"name":"(anonymous_9)","decl":{"start":{"line":27,"column":8},"end":{"line":27,"column":20}},"loc":{"start":{"line":27,"column":68},"end":{"line":66,"column":null}}},"2":{"name":"(anonymous_11)","decl":{"start":{"line":68,"column":8},"end":{"line":68,"column":23}},"loc":{"start":{"line":68,"column":71},"end":{"line":88,"column":null}}},"3":{"name":"(anonymous_13)","decl":{"start":{"line":90,"column":8},"end":{"line":90,"column":24}},"loc":{"start":{"line":90,"column":72},"end":{"line":125,"column":null}}}},"branchMap":{"0":{"loc":{"start":{"line":13,"column":6},"end":{"line":15,"column":7}},"type":"if","locations":[{"start":{"line":13,"column":6},"end":{"line":15,"column":7}}]},"1":{"loc":{"start":{"line":29,"column":21},"end":{"line":29,"column":33}},"type":"cond-expr","locations":[{"start":{"line":29,"column":29},"end":{"line":29,"column":31}},{"start":{"line":29,"column":29},"end":{"line":29,"column":33}}]},"2":{"loc":{"start":{"line":29,"column":21},"end":{"line":29,"column":31}},"type":"binary-expr","locations":[{"start":{"line":29,"column":21},"end":{"line":29,"column":31}},{"start":{"line":29,"column":29},"end":{"line":29,"column":31}}]},"3":{"loc":{"start":{"line":30,"column":6},"end":{"line":32,"column":7}},"type":"if","locations":[{"start":{"line":30,"column":6},"end":{"line":32,"column":7}}]},"4":{"loc":{"start":{"line":34,"column":19},"end":{"line":34,"column":58}},"type":"binary-expr","locations":[{"start":{"line":34,"column":19},"end":{"line":34,"column":53}},{"start":{"line":34,"column":57},"end":{"line":34,"column":58}}]},"5":{"loc":{"start":{"line":35,"column":20},"end":{"line":35,"column":61}},"type":"binary-expr","locations":[{"start":{"line":35,"column":20},"end":{"line":35,"column":55}},{"start":{"line":35,"column":59},"end":{"line":35,"column":61}}]},"6":{"loc":{"start":{"line":36,"column":24},"end":{"line":38,"column":19}},"type":"cond-expr","locations":[{"start":{"line":37,"column":10},"end":{"line":37,"column":49}},{"start":{"line":38,"column":10},"end":{"line":38,"column":19}}]},"7":{"loc":{"start":{"line":39,"column":22},"end":{"line":41,"column":19}},"type":"cond-expr","locations":[{"start":{"line":40,"column":10},"end":{"line":40,"column":47}},{"start":{"line":41,"column":10},"end":{"line":41,"column":19}}]},"8":{"loc":{"start":{"line":71,"column":6},"end":{"line":73,"column":7}},"type":"if","locations":[{"start":{"line":71,"column":6},"end":{"line":73,"column":7}}]},"9":{"loc":{"start":{"line":92,"column":6},"end":{"line":94,"column":7}},"type":"if","locations":[{"start":{"line":92,"column":6},"end":{"line":94,"column":7}}]},"10":{"loc":{"start":{"line":96,"column":19},"end":{"line":96,"column":58}},"type":"binary-expr","locations":[{"start":{"line":96,"column":19},"end":{"line":96,"column":53}},{"start":{"line":96,"column":57},"end":{"line":96,"column":58}}]},"11":{"loc":{"start":{"line":97,"column":20},"end":{"line":97,"column":61}},"type":"binary-expr","locations":[{"start":{"line":97,"column":20},"end":{"line":97,"column":55}},{"start":{"line":97,"column":59},"end":{"line":97,"column":61}}]},"12":{"loc":{"start":{"line":98,"column":24},"end":{"line":100,"column":19}},"type":"cond-expr","locations":[{"start":{"line":99,"column":10},"end":{"line":99,"column":49}},{"start":{"line":100,"column":10},"end":{"line":100,"column":19}}]},"13":{"loc":{"start":{"line":101,"column":22},"end":{"line":103,"column":19}},"type":"cond-expr","locations":[{"start":{"line":102,"column":10},"end":{"line":102,"column":47}},{"start":{"line":103,"column":10},"end":{"line":103,"column":19}}]}},"s":{"0":1,"1":1,"2":1,"3":1,"4":2,"5":2,"6":2,"7":1,"8":1,"9":1,"10":1,"11":0,"12":1,"13":1,"14":1,"15":0,"16":1,"17":1,"18":1,"19":1,"20":1,"21":1,"22":1,"23":1,"24":0,"25":1,"26":1,"27":1,"28":0,"29":1,"30":1,"31":1,"32":1,"33":0,"34":1,"35":1,"36":0,"37":1,"38":1,"39":1,"40":1,"41":1,"42":1,"43":1,"44":1,"45":0,"46":1},"f":{"0":2,"1":1,"2":1,"3":1},"b":{"0":[1],"1":[0,1],"2":[1,1],"3":[0],"4":[1,1],"5":[1,1],"6":[0,1],"7":[0,1],"8":[0],"9":[0],"10":[1,1],"11":[1,1],"12":[0,1],"13":[0,1]}}
,"C:\\Users\\Ibrahim Adekunle\\Desktop\\simple-money-transfer\\money-transfer-api\\src\\controllers\\userController.ts": {"path":"C:\\Users\\Ibrahim Adekunle\\Desktop\\simple-money-transfer\\money-transfer-api\\src\\controllers\\userController.ts","statementMap":{"0":{"start":{"line":2,"column":0},"end":{"line":2,"column":54}},"1":{"start":{"line":3,"column":0},"end":{"line":3,"column":49}},"2":{"start":{"line":5,"column":20},"end":{"line":5,"column":37}},"3":{"start":{"line":9,"column":4},"end":{"line":22,"column":5}},"4":{"start":{"line":10,"column":19},"end":{"line":10,"column":63}},"5":{"start":{"line":11,"column":6},"end":{"line":13,"column":7}},"6":{"start":{"line":12,"column":8},"end":{"line":12,"column":65}},"7":{"start":{"line":14,"column":6},"end":{"line":19,"column":9}},"8":{"start":{"line":21,"column":6},"end":{"line":21,"column":18}},"9":{"start":{"line":26,"column":4},"end":{"line":38,"column":5}},"10":{"start":{"line":27,"column":19},"end":{"line":27,"column":75}},"11":{"start":{"line":28,"column":6},"end":{"line":30,"column":7}},"12":{"start":{"line":29,"column":8},"end":{"line":29,"column":65}},"13":{"start":{"line":31,"column":6},"end":{"line":35,"column":9}},"14":{"start":{"line":37,"column":6},"end":{"line":37,"column":18}},"15":{"start":{"line":42,"column":4},"end":{"line":65,"column":5}},"16":{"start":{"line":43,"column":19},"end":{"line":43,"column":58}},"17":{"start":{"line":44,"column":20},"end":{"line":44,"column":61}},"18":{"start":{"line":45,"column":21},"end":{"line":45,"column":47}},"19":{"start":{"line":46,"column":25},"end":{"line":46,"column":55}},"20":{"start":{"line":48,"column":29},"end":{"line":52,"column":null}},"21":{"start":{"line":55,"column":6},"end":{"line":62,"column":9}},"22":{"start":{"line":64,"column":6},"end":{"line":64,"column":18}},"23":{"start":{"line":69,"column":4},"end":{"line":88,"column":5}},"24":{"start":{"line":70,"column":21},"end":{"line":70,"column":34}},"25":{"start":{"line":72,"column":6},"end":{"line":77,"column":7}},"26":{"start":{"line":74,"column":8},"end":{"line":76,"column":9}},"27":{"start":{"line":75,"column":10},"end":{"line":75,"column":78}},"28":{"start":{"line":79,"column":22},"end":{"line":79,"column":62}},"29":{"start":{"line":81,"column":6},"end":{"line":85,"column":9}},"30":{"start":{"line":87,"column":6},"end":{"line":87,"column":18}},"31":{"start":{"line":7,"column":0},"end":{"line":7,"column":13}}},"fnMap":{"0":{"name":"(anonymous_7)","decl":{"start":{"line":8,"column":8},"end":{"line":8,"column":19}},"loc":{"start":{"line":8,"column":67},"end":{"line":23,"column":null}}},"1":{"name":"(anonymous_9)","decl":{"start":{"line":25,"column":8},"end":{"line":25,"column":25}},"loc":{"start":{"line":25,"column":73},"end":{"line":39,"column":null}}},"2":{"name":"(anonymous_11)","decl":{"start":{"line":41,"column":8},"end":{"line":41,"column":24}},"loc":{"start":{"line":41,"column":72},"end":{"line":66,"column":null}}},"3":{"name":"(anonymous_13)","decl":{"start":{"line":68,"column":8},"end":{"line":68,"column":22}},"loc":{"start":{"line":68,"column":70},"end":{"line":89,"column":null}}}},"branchMap":{"0":{"loc":{"start":{"line":11,"column":6},"end":{"line":13,"column":7}},"type":"if","locations":[{"start":{"line":11,"column":6},"end":{"line":13,"column":7}}]},"1":{"loc":{"start":{"line":28,"column":6},"end":{"line":30,"column":7}},"type":"if","locations":[{"start":{"line":28,"column":6},"end":{"line":30,"column":7}}]},"2":{"loc":{"start":{"line":43,"column":19},"end":{"line":43,"column":58}},"type":"binary-expr","locations":[{"start":{"line":43,"column":19},"end":{"line":43,"column":53}},{"start":{"line":43,"column":57},"end":{"line":43,"column":58}}]},"3":{"loc":{"start":{"line":44,"column":20},"end":{"line":44,"column":61}},"type":"binary-expr","locations":[{"start":{"line":44,"column":20},"end":{"line":44,"column":55}},{"start":{"line":44,"column":59},"end":{"line":44,"column":61}}]},"4":{"loc":{"start":{"line":72,"column":6},"end":{"line":77,"column":7}},"type":"if","locations":[{"start":{"line":72,"column":6},"end":{"line":77,"column":7}}]},"5":{"loc":{"start":{"line":74,"column":8},"end":{"line":76,"column":9}},"type":"if","locations":[{"start":{"line":74,"column":8},"end":{"line":76,"column":9}}]}},"s":{"0":1,"1":1,"2":1,"3":2,"4":2,"5":2,"6":2,"7":0,"8":0,"9":0,"10":0,"11":0,"12":0,"13":0,"14":0,"15":0,"16":0,"17":0,"18":0,"19":0,"20":0,"21":0,"22":0,"23":2,"24":2,"25":2,"26":2,"27":1,"28":1,"29":1,"30":1,"31":1},"f":{"0":2,"1":0,"2":0,"3":2},"b":{"0":[2],"1":[0],"2":[0,0],"3":[0,0],"4":[2],"5":[1]}}
,"C:\\Users\\Ibrahim Adekunle\\Desktop\\simple-money-transfer\\money-transfer-api\\src\\database\\seed.ts": {"path":"C:\\Users\\Ibrahim Adekunle\\Desktop\\simple-money-transfer\\money-transfer-api\\src\\database\\seed.ts","statementMap":{"0":{"start":{"line":10,"column":0},"end":{"line":10,"column":22}},"1":{"start":{"line":2,"column":0},"end":{"line":2,"column":50}},"2":{"start":{"line":3,"column":0},"end":{"line":3,"column":28}},"3":{"start":{"line":4,"column":0},"end":{"line":4,"column":28}},"4":{"start":{"line":5,"column":0},"end":{"line":5,"column":49}},"5":{"start":{"line":6,"column":0},"end":{"line":6,"column":37}},"6":{"start":{"line":8,"column":0},"end":{"line":8,"column":16}},"7":{"start":{"line":11,"column":25},"end":{"line":11,"column":55}},"8":{"start":{"line":14,"column":29},"end":{"line":16,"column":4}},"9":{"start":{"line":18,"column":29},"end":{"line":18,"column":61}},"10":{"start":{"line":20,"column":2},"end":{"line":40,"column":3}},"11":{"start":{"line":21,"column":4},"end":{"line":26,"column":5}},"12":{"start":{"line":22,"column":6},"end":{"line":25,"column":8}},"13":{"start":{"line":27,"column":27},"end":{"line":27,"column":68}},"14":{"start":{"line":29,"column":23},"end":{"line":34,"column":6}},"15":{"start":{"line":36,"column":4},"end":{"line":36,"column":42}},"16":{"start":{"line":37,"column":4},"end":{"line":37,"column":56}},"17":{"start":{"line":39,"column":4},"end":{"line":39,"column":50}}},"fnMap":{"0":{"name":"seedSuperAdmin","decl":{"start":{"line":10,"column":22},"end":{"line":10,"column":36}},"loc":{"start":{"line":10,"column":59},"end":{"line":41,"column":null}}}},"branchMap":{"0":{"loc":{"start":{"line":20,"column":2},"end":{"line":40,"column":3}},"type":"if","locations":[{"start":{"line":20,"column":2},"end":{"line":40,"column":3}},{"start":{"line":38,"column":9},"end":{"line":40,"column":3}}]},"1":{"loc":{"start":{"line":21,"column":4},"end":{"line":26,"column":5}},"type":"if","locations":[{"start":{"line":21,"column":4},"end":{"line":26,"column":5}}]}},"s":{"0":5,"1":5,"2":5,"3":5,"4":5,"5":5,"6":5,"7":3,"8":3,"9":3,"10":3,"11":2,"12":1,"13":1,"14":1,"15":1,"16":1,"17":1},"f":{"0":3},"b":{"0":[2,1],"1":[1]}}
,"C:\\Users\\Ibrahim Adekunle\\Desktop\\simple-money-transfer\\money-transfer-api\\src\\entities\\Transfer.ts": {"path":"C:\\Users\\Ibrahim Adekunle\\Desktop\\simple-money-transfer\\money-transfer-api\\src\\entities\\Transfer.ts","statementMap":{"0":{"start":{"line":1,"column":0},"end":{"line":1,"column":94}},"1":{"start":{"line":2,"column":0},"end":{"line":2,"column":30}},"2":{"start":{"line":4,"column":0},"end":{"line":4,"column":null}},"3":{"start":{"line":5,"column":2},"end":{"line":5,"column":null}},"4":{"start":{"line":6,"column":2},"end":{"line":6,"column":null}},"5":{"start":{"line":10,"column":7},"end":{"line":32,"column":null}},"6":{"start":{"line":10,"column":13},"end":{"line":10,"column":21}},"7":{"start":{"line":12,"column":2},"end":{"line":12,"column":null}},"8":{"start":{"line":15,"column":2},"end":{"line":15,"column":null}},"9":{"start":{"line":14,"column":19},"end":{"line":14,"column":23}},"10":{"start":{"line":14,"column":33},"end":{"line":14,"column":51}},"11":{"start":{"line":18,"column":2},"end":{"line":18,"column":null}},"12":{"start":{"line":17,"column":19},"end":{"line":17,"column":23}},"13":{"start":{"line":17,"column":33},"end":{"line":17,"column":55}},"14":{"start":{"line":21,"column":2},"end":{"line":21,"column":null}},"15":{"start":{"line":28,"column":2},"end":{"line":28,"column":null}},"16":{"start":{"line":31,"column":2},"end":{"line":31,"column":null}},"17":{"start":{"line":10,"column":13},"end":{"line":32,"column":null}}},"fnMap":{"0":{"name":"(anonymous_2)","decl":{"start":{"line":4,"column":0},"end":{"line":4,"column":12}},"loc":{"start":{"line":4,"column":24},"end":{"line":7,"column":1}}},"1":{"name":"(anonymous_3)","decl":{"start":{"line":14,"column":13},"end":{"line":14,"column":16}},"loc":{"start":{"line":14,"column":19},"end":{"line":14,"column":23}}},"2":{"name":"(anonymous_4)","decl":{"start":{"line":14,"column":25},"end":{"line":14,"column":29}},"loc":{"start":{"line":14,"column":33},"end":{"line":14,"column":51}}},"3":{"name":"(anonymous_5)","decl":{"start":{"line":17,"column":13},"end":{"line":17,"column":16}},"loc":{"start":{"line":17,"column":19},"end":{"line":17,"column":23}}},"4":{"name":"(anonymous_6)","decl":{"start":{"line":17,"column":25},"end":{"line":17,"column":29}},"loc":{"start":{"line":17,"column":33},"end":{"line":17,"column":55}}}},"branchMap":{"0":{"loc":{"start":{"line":4,"column":12},"end":{"line":4,"column":null}},"type":"binary-expr","locations":[{"start":{"line":4,"column":12},"end":{"line":4,"column":24}},{"start":{"line":4,"column":24},"end":{"line":4,"column":null}}]}},"s":{"0":9,"1":9,"2":9,"3":9,"4":9,"5":9,"6":9,"7":9,"8":9,"9":0,"10":0,"11":9,"12":0,"13":0,"14":9,"15":9,"16":9,"17":9},"f":{"0":9,"1":0,"2":0,"3":0,"4":0},"b":{"0":[9,9]}}
,"C:\\Users\\Ibrahim Adekunle\\Desktop\\simple-money-transfer\\money-transfer-api\\src\\entities\\User.ts": {"path":"C:\\Users\\Ibrahim Adekunle\\Desktop\\simple-money-transfer\\money-transfer-api\\src\\entities\\User.ts","statementMap":{"0":{"start":{"line":1,"column":0},"end":{"line":1,"column":112}},"1":{"start":{"line":2,"column":0},"end":{"line":2,"column":38}},"2":{"start":{"line":4,"column":0},"end":{"line":4,"column":null}},"3":{"start":{"line":5,"column":2},"end":{"line":5,"column":null}},"4":{"start":{"line":6,"column":2},"end":{"line":6,"column":null}},"5":{"start":{"line":7,"column":2},"end":{"line":7,"column":null}},"6":{"start":{"line":11,"column":7},"end":{"line":42,"column":null}},"7":{"start":{"line":11,"column":13},"end":{"line":11,"column":17}},"8":{"start":{"line":13,"column":2},"end":{"line":13,"column":null}},"9":{"start":{"line":16,"column":2},"end":{"line":16,"column":null}},"10":{"start":{"line":19,"column":2},"end":{"line":19,"column":null}},"11":{"start":{"line":26,"column":2},"end":{"line":26,"column":null}},"12":{"start":{"line":29,"column":2},"end":{"line":29,"column":null}},"13":{"start":{"line":32,"column":2},"end":{"line":32,"column":null}},"14":{"start":{"line":31,"column":19},"end":{"line":31,"column":27}},"15":{"start":{"line":31,"column":41},"end":{"line":31,"column":56}},"16":{"start":{"line":35,"column":2},"end":{"line":35,"column":null}},"17":{"start":{"line":34,"column":19},"end":{"line":34,"column":27}},"18":{"start":{"line":34,"column":41},"end":{"line":34,"column":59}},"19":{"start":{"line":38,"column":2},"end":{"line":38,"column":null}},"20":{"start":{"line":41,"column":2},"end":{"line":41,"column":null}},"21":{"start":{"line":11,"column":13},"end":{"line":42,"column":null}}},"fnMap":{"0":{"name":"(anonymous_2)","decl":{"start":{"line":4,"column":0},"end":{"line":4,"column":12}},"loc":{"start":{"line":4,"column":20},"end":{"line":8,"column":1}}},"1":{"name":"(anonymous_3)","decl":{"start":{"line":31,"column":13},"end":{"line":31,"column":16}},"loc":{"start":{"line":31,"column":19},"end":{"line":31,"column":27}}},"2":{"name":"(anonymous_4)","decl":{"start":{"line":31,"column":29},"end":{"line":31,"column":37}},"loc":{"start":{"line":31,"column":41},"end":{"line":31,"column":56}}},"3":{"name":"(anonymous_5)","decl":{"start":{"line":34,"column":13},"end":{"line":34,"column":16}},"loc":{"start":{"line":34,"column":19},"end":{"line":34,"column":27}}},"4":{"name":"(anonymous_6)","decl":{"start":{"line":34,"column":29},"end":{"line":34,"column":37}},"loc":{"start":{"line":34,"column":41},"end":{"line":34,"column":59}}}},"branchMap":{"0":{"loc":{"start":{"line":4,"column":12},"end":{"line":4,"column":null}},"type":"binary-expr","locations":[{"start":{"line":4,"column":12},"end":{"line":4,"column":20}},{"start":{"line":4,"column":20},"end":{"line":4,"column":null}}]}},"s":{"0":9,"1":9,"2":9,"3":9,"4":9,"5":9,"6":9,"7":9,"8":9,"9":9,"10":9,"11":9,"12":9,"13":9,"14":0,"15":0,"16":9,"17":0,"18":0,"19":9,"20":9,"21":9},"f":{"0":9,"1":0,"2":0,"3":0,"4":0},"b":{"0":[9,9]}}
,"C:\\Users\\Ibrahim Adekunle\\Desktop\\simple-money-transfer\\money-transfer-api\\src\\middleware\\auth.ts": {"path":"C:\\Users\\Ibrahim Adekunle\\Desktop\\simple-money-transfer\\money-transfer-api\\src\\middleware\\auth.ts","statementMap":{"0":{"start":{"line":2,"column":0},"end":{"line":2,"column":31}},"1":{"start":{"line":24,"column":33},"end":{"line":54,"column":2}},"2":{"start":{"line":28,"column":19},"end":{"line":54,"column":2}},"3":{"start":{"line":29,"column":21},"end":{"line":29,"column":49}},"4":{"start":{"line":30,"column":16},"end":{"line":30,"column":41}},"5":{"start":{"line":32,"column":2},"end":{"line":35,"column":3}},"6":{"start":{"line":33,"column":4},"end":{"line":33,"column":52}},"7":{"start":{"line":34,"column":4},"end":{"line":34,"column":11}},"8":{"start":{"line":37,"column":2},"end":{"line":53,"column":3}},"9":{"start":{"line":38,"column":17},"end":{"line":47,"column":6}},"10":{"start":{"line":39,"column":6},"end":{"line":46,"column":8}},"11":{"start":{"line":43,"column":10},"end":{"line":44,"column":40}},"12":{"start":{"line":43,"column":19},"end":{"line":43,"column":50}},"13":{"start":{"line":44,"column":15},"end":{"line":44,"column":40}},"14":{"start":{"line":49,"column":4},"end":{"line":49,"column":20}},"15":{"start":{"line":50,"column":4},"end":{"line":50,"column":11}},"16":{"start":{"line":52,"column":4},"end":{"line":52,"column":49}},"17":{"start":{"line":24,"column":13},"end":{"line":24,"column":33}},"18":{"start":{"line":64,"column":38},"end":{"line":100,"column":2}},"19":{"start":{"line":68,"column":19},"end":{"line":100,"column":2}},"20":{"start":{"line":69,"column":21},"end":{"line":69,"column":49}},"21":{"start":{"line":70,"column":16},"end":{"line":70,"column":41}},"22":{"start":{"line":72,"column":2},"end":{"line":75,"column":3}},"23":{"start":{"line":73,"column":4},"end":{"line":73,"column":52}},"24":{"start":{"line":74,"column":4},"end":{"line":74,"column":11}},"25":{"start":{"line":77,"column":2},"end":{"line":99,"column":3}},"26":{"start":{"line":78,"column":17},"end":{"line":87,"column":6}},"27":{"start":{"line":79,"column":6},"end":{"line":86,"column":8}},"28":{"start":{"line":83,"column":10},"end":{"line":84,"column":40}},"29":{"start":{"line":83,"column":19},"end":{"line":83,"column":50}},"30":{"start":{"line":84,"column":15},"end":{"line":84,"column":40}},"31":{"start":{"line":89,"column":4},"end":{"line":92,"column":5}},"32":{"start":{"line":90,"column":6},"end":{"line":90,"column":74}},"33":{"start":{"line":91,"column":6},"end":{"line":91,"column":13}},"34":{"start":{"line":94,"column":4},"end":{"line":94,"column":20}},"35":{"start":{"line":95,"column":4},"end":{"line":95,"column":26}},"36":{"start":{"line":96,"column":4},"end":{"line":96,"column":11}},"37":{"start":{"line":98,"column":4},"end":{"line":98,"column":49}},"38":{"start":{"line":64,"column":13},"end":{"line":64,"column":38}}},"fnMap":{"0":{"name":"(anonymous_8)","decl":{"start":{"line":24,"column":33},"end":{"line":24,"column":null}},"loc":{"start":{"line":28,"column":19},"end":{"line":54,"column":2}}},"1":{"name":"(anonymous_9)","decl":{"start":{"line":28,"column":19},"end":{"line":28,"column":null}},"loc":{"start":{"line":28,"column":19},"end":{"line":54,"column":1}}},"2":{"name":"(anonymous_10)","decl":{"start":{"line":38,"column":41},"end":{"line":38,"column":42}},"loc":{"start":{"line":38,"column":61},"end":{"line":47,"column":5}}},"3":{"name":"(anonymous_11)","decl":{"start":{"line":42,"column":8},"end":{"line":42,"column":9}},"loc":{"start":{"line":42,"column":35},"end":{"line":45,"column":9}}},"4":{"name":"(anonymous_12)","decl":{"start":{"line":64,"column":38},"end":{"line":64,"column":null}},"loc":{"start":{"line":68,"column":19},"end":{"line":100,"column":2}}},"5":{"name":"(anonymous_13)","decl":{"start":{"line":68,"column":19},"end":{"line":68,"column":null}},"loc":{"start":{"line":68,"column":19},"end":{"line":100,"column":1}}},"6":{"name":"(anonymous_14)","decl":{"start":{"line":78,"column":41},"end":{"line":78,"column":42}},"loc":{"start":{"line":78,"column":61},"end":{"line":87,"column":5}}},"7":{"name":"(anonymous_15)","decl":{"start":{"line":82,"column":8},"end":{"line":82,"column":9}},"loc":{"start":{"line":82,"column":35},"end":{"line":85,"column":9}}}},"branchMap":{"0":{"loc":{"start":{"line":30,"column":16},"end":{"line":30,"column":41}},"type":"cond-expr","locations":[{"start":{"line":30,"column":26},"end":{"line":30,"column":28}},{"start":{"line":30,"column":16},"end":{"line":30,"column":41}}]},"1":{"loc":{"start":{"line":30,"column":16},"end":{"line":30,"column":28}},"type":"binary-expr","locations":[{"start":{"line":30,"column":16},"end":{"line":30,"column":28}},{"start":{"line":30,"column":16},"end":{"line":30,"column":28}}]},"2":{"loc":{"start":{"line":32,"column":2},"end":{"line":35,"column":3}},"type":"if","locations":[{"start":{"line":32,"column":2},"end":{"line":35,"column":3}}]},"3":{"loc":{"start":{"line":43,"column":10},"end":{"line":44,"column":40}},"type":"if","locations":[{"start":{"line":43,"column":10},"end":{"line":44,"column":40}},{"start":{"line":44,"column":15},"end":{"line":44,"column":40}}]},"4":{"loc":{"start":{"line":70,"column":16},"end":{"line":70,"column":41}},"type":"cond-expr","locations":[{"start":{"line":70,"column":26},"end":{"line":70,"column":28}},{"start":{"line":70,"column":16},"end":{"line":70,"column":41}}]},"5":{"loc":{"start":{"line":70,"column":16},"end":{"line":70,"column":28}},"type":"binary-expr","locations":[{"start":{"line":70,"column":16},"end":{"line":70,"column":28}},{"start":{"line":70,"column":16},"end":{"line":70,"column":28}}]},"6":{"loc":{"start":{"line":72,"column":2},"end":{"line":75,"column":3}},"type":"if","locations":[{"start":{"line":72,"column":2},"end":{"line":75,"column":3}}]},"7":{"loc":{"start":{"line":83,"column":10},"end":{"line":84,"column":40}},"type":"if","locations":[{"start":{"line":83,"column":10},"end":{"line":84,"column":40}},{"start":{"line":84,"column":15},"end":{"line":84,"column":40}}]},"8":{"loc":{"start":{"line":89,"column":4},"end":{"line":92,"column":5}},"type":"if","locations":[{"start":{"line":89,"column":4},"end":{"line":92,"column":5}}]},"9":{"loc":{"start":{"line":89,"column":8},"end":{"line":89,"column":59}},"type":"binary-expr","locations":[{"start":{"line":89,"column":8},"end":{"line":89,"column":29}},{"start":{"line":89,"column":33},"end":{"line":89,"column":59}}]}},"s":{"0":1,"1":1,"2":3,"3":3,"4":3,"5":3,"6":1,"7":1,"8":2,"9":2,"10":2,"11":2,"12":1,"13":1,"14":1,"15":1,"16":1,"17":1,"18":1,"19":4,"20":4,"21":4,"22":4,"23":1,"24":1,"25":3,"26":3,"27":3,"28":3,"29":1,"30":2,"31":2,"32":1,"33":1,"34":1,"35":1,"36":1,"37":1,"38":1},"f":{"0":3,"1":3,"2":2,"3":2,"4":4,"5":4,"6":3,"7":3},"b":{"0":[1,2],"1":[3,3],"2":[1],"3":[1,1],"4":[1,3],"5":[4,4],"6":[1],"7":[1,2],"8":[1],"9":[2,1]}}
,"C:\\Users\\Ibrahim Adekunle\\Desktop\\simple-money-transfer\\money-transfer-api\\src\\middleware\\errorHandler.ts": {"path":"C:\\Users\\Ibrahim Adekunle\\Desktop\\simple-money-transfer\\money-transfer-api\\src\\middleware\\errorHandler.ts","statementMap":{"0":{"start":{"line":19,"column":28},"end":{"line":35,"column":1}},"1":{"start":{"line":25,"column":21},"end":{"line":25,"column":42}},"2":{"start":{"line":26,"column":18},"end":{"line":26,"column":56}},"3":{"start":{"line":27,"column":17},"end":{"line":27,"column":40}},"4":{"start":{"line":29,"column":2},"end":{"line":34,"column":5}},"5":{"start":{"line":19,"column":13},"end":{"line":19,"column":28}}},"fnMap":{"0":{"name":"(anonymous_0)","decl":{"start":{"line":19,"column":28},"end":{"line":19,"column":null}},"loc":{"start":{"line":24,"column":4},"end":{"line":35,"column":1}}}},"branchMap":{"0":{"loc":{"start":{"line":25,"column":21},"end":{"line":25,"column":42}},"type":"cond-expr","locations":[{"start":{"line":25,"column":35},"end":{"line":25,"column":39}},{"start":{"line":25,"column":39},"end":{"line":25,"column":42}}]},"1":{"loc":{"start":{"line":25,"column":21},"end":{"line":25,"column":39}},"type":"binary-expr","locations":[{"start":{"line":25,"column":21},"end":{"line":25,"column":39}},{"start":{"line":25,"column":35},"end":{"line":25,"column":39}}]},"2":{"loc":{"start":{"line":26,"column":18},"end":{"line":26,"column":56}},"type":"binary-expr","locations":[{"start":{"line":26,"column":18},"end":{"line":26,"column":29}},{"start":{"line":26,"column":33},"end":{"line":26,"column":56}}]},"3":{"loc":{"start":{"line":27,"column":17},"end":{"line":27,"column":40}},"type":"binary-expr","locations":[{"start":{"line":27,"column":17},"end":{"line":27,"column":27}},{"start":{"line":27,"column":31},"end":{"line":27,"column":40}}]},"4":{"loc":{"start":{"line":33,"column":11},"end":{"line":33,"column":73}},"type":"cond-expr","locations":[{"start":{"line":33,"column":52},"end":{"line":33,"column":61}},{"start":{"line":33,"column":64},"end":{"line":33,"column":73}}]}},"s":{"0":1,"1":5,"2":5,"3":5,"4":5,"5":1},"f":{"0":5},"b":{"0":[2,3],"1":[5,5],"2":[5,1],"3":[5,4],"4":[1,4]}}
,"C:\\Users\\Ibrahim Adekunle\\Desktop\\simple-money-transfer\\money-transfer-api\\src\\services\\authService.ts": {"path":"C:\\Users\\Ibrahim Adekunle\\Desktop\\simple-money-transfer\\money-transfer-api\\src\\services\\authService.ts","statementMap":{"0":{"start":{"line":1,"column":0},"end":{"line":1,"column":51}},"1":{"start":{"line":2,"column":0},"end":{"line":2,"column":50}},"2":{"start":{"line":3,"column":0},"end":{"line":3,"column":28}},"3":{"start":{"line":4,"column":0},"end":{"line":4,"column":31}},"4":{"start":{"line":5,"column":0},"end":{"line":5,"column":49}},"5":{"start":{"line":7,"column":23},"end":{"line":7,"column":56}},"6":{"start":{"line":21,"column":25},"end":{"line":23,"column":6}},"7":{"start":{"line":24,"column":4},"end":{"line":26,"column":5}},"8":{"start":{"line":25,"column":6},"end":{"line":25,"column":57}},"9":{"start":{"line":28,"column":27},"end":{"line":28,"column":58}},"10":{"start":{"line":29,"column":20},"end":{"line":34,"column":6}},"11":{"start":{"line":35,"column":4},"end":{"line":35,"column":40}},"12":{"start":{"line":46,"column":17},"end":{"line":46,"column":70}},"13":{"start":{"line":47,"column":4},"end":{"line":49,"column":5}},"14":{"start":{"line":48,"column":6},"end":{"line":48,"column":62}},"15":{"start":{"line":51,"column":28},"end":{"line":51,"column":73}},"16":{"start":{"line":52,"column":4},"end":{"line":54,"column":5}},"17":{"start":{"line":53,"column":6},"end":{"line":53,"column":62}},"18":{"start":{"line":56,"column":18},"end":{"line":61,"column":null}},"19":{"start":{"line":63,"column":4},"end":{"line":63,"column":17}},"20":{"start":{"line":12,"column":0},"end":{"line":12,"column":13}}},"fnMap":{"0":{"name":"(anonymous_8)","decl":{"start":{"line":20,"column":8},"end":{"line":20,"column":20}},"loc":{"start":{"line":20,"column":55},"end":{"line":36,"column":null}}},"1":{"name":"(anonymous_10)","decl":{"start":{"line":45,"column":8},"end":{"line":45,"column":24}},"loc":{"start":{"line":45,"column":59},"end":{"line":64,"column":null}}}},"branchMap":{"0":{"loc":{"start":{"line":24,"column":4},"end":{"line":26,"column":5}},"type":"if","locations":[{"start":{"line":24,"column":4},"end":{"line":26,"column":5}}]},"1":{"loc":{"start":{"line":47,"column":4},"end":{"line":49,"column":5}},"type":"if","locations":[{"start":{"line":47,"column":4},"end":{"line":49,"column":5}}]},"2":{"loc":{"start":{"line":52,"column":4},"end":{"line":54,"column":5}},"type":"if","locations":[{"start":{"line":52,"column":4},"end":{"line":54,"column":5}}]}},"s":{"0":2,"1":2,"2":2,"3":2,"4":2,"5":2,"6":2,"7":2,"8":1,"9":1,"10":1,"11":1,"12":3,"13":3,"14":1,"15":2,"16":2,"17":1,"18":1,"19":1,"20":2},"f":{"0":2,"1":3},"b":{"0":[1],"1":[1],"2":[1]}}
,"C:\\Users\\Ibrahim Adekunle\\Desktop\\simple-money-transfer\\money-transfer-api\\src\\services\\transferService.ts": {"path":"C:\\Users\\Ibrahim Adekunle\\Desktop\\simple-money-transfer\\money-transfer-api\\src\\services\\transferService.ts","statementMap":{"0":{"start":{"line":1,"column":0},"end":{"line":1,"column":51}},"1":{"start":{"line":2,"column":0},"end":{"line":2,"column":62}},"2":{"start":{"line":3,"column":0},"end":{"line":3,"column":40}},"3":{"start":{"line":4,"column":0},"end":{"line":4,"column":49}},"4":{"start":{"line":5,"column":0},"end":{"line":5,"column":28}},"5":{"start":{"line":11,"column":19},"end":{"line":11,"column":78}},"6":{"start":{"line":27,"column":4},"end":{"line":56,"column":7}},"7":{"start":{"line":27,"column":74},"end":{"line":56,"column":6}},"8":{"start":{"line":28,"column":21},"end":{"line":31,"column":8}},"9":{"start":{"line":32,"column":6},"end":{"line":32,"column":63}},"10":{"start":{"line":32,"column":19},"end":{"line":32,"column":63}},"11":{"start":{"line":34,"column":24},"end":{"line":37,"column":8}},"12":{"start":{"line":38,"column":6},"end":{"line":38,"column":69}},"13":{"start":{"line":38,"column":22},"end":{"line":38,"column":69}},"14":{"start":{"line":40,"column":6},"end":{"line":41,"column":54}},"15":{"start":{"line":41,"column":8},"end":{"line":41,"column":54}},"16":{"start":{"line":43,"column":6},"end":{"line":43,"column":31}},"17":{"start":{"line":44,"column":6},"end":{"line":44,"column":34}},"18":{"start":{"line":46,"column":6},"end":{"line":46,"column":71}},"19":{"start":{"line":48,"column":23},"end":{"line":53,"column":8}},"20":{"start":{"line":55,"column":6},"end":{"line":55,"column":65}},"21":{"start":{"line":71,"column":4},"end":{"line":126,"column":null}},"22":{"start":{"line":79,"column":25},"end":{"line":85,"column":null}},"23":{"start":{"line":88,"column":4},"end":{"line":99,"column":5}},"24":{"start":{"line":89,"column":20},"end":{"line":90,"column":null}},"25":{"start":{"line":92,"column":18},"end":{"line":93,"column":null}},"26":{"start":{"line":95,"column":6},"end":{"line":98,"column":9}},"27":{"start":{"line":101,"column":4},"end":{"line":106,"column":5}},"28":{"start":{"line":102,"column":6},"end":{"line":105,"column":8}},"29":{"start":{"line":108,"column":4},"end":{"line":110,"column":5}},"30":{"start":{"line":109,"column":6},"end":{"line":109,"column":79}},"31":{"start":{"line":112,"column":4},"end":{"line":123,"column":19}},"32":{"start":{"line":125,"column":4},"end":{"line":125,"column":42}},"33":{"start":{"line":141,"column":4},"end":{"line":162,"column":6}},"34":{"start":{"line":142,"column":43},"end":{"line":161,"column":null}},"35":{"start":{"line":143,"column":22},"end":{"line":145,"column":10}},"36":{"start":{"line":146,"column":26},"end":{"line":148,"column":10}},"37":{"start":{"line":150,"column":8},"end":{"line":152,"column":9}},"38":{"start":{"line":151,"column":10},"end":{"line":151,"column":66}},"39":{"start":{"line":154,"column":25},"end":{"line":154,"column":39}},"40":{"start":{"line":155,"column":8},"end":{"line":155,"column":32}},"41":{"start":{"line":156,"column":8},"end":{"line":156,"column":39}},"42":{"start":{"line":157,"column":8},"end":{"line":157,"column":33}},"43":{"start":{"line":158,"column":8},"end":{"line":158,"column":45}},"44":{"start":{"line":160,"column":8},"end":{"line":160,"column":73}},"45":{"start":{"line":176,"column":4},"end":{"line":217,"column":null}},"46":{"start":{"line":183,"column":25},"end":{"line":185,"column":60}},"47":{"start":{"line":187,"column":18},"end":{"line":188,"column":null}},"48":{"start":{"line":190,"column":16},"end":{"line":191,"column":null}},"49":{"start":{"line":194,"column":4},"end":{"line":199,"column":5}},"50":{"start":{"line":195,"column":6},"end":{"line":198,"column":9}},"51":{"start":{"line":201,"column":31},"end":{"line":214,"column":24}},"52":{"start":{"line":216,"column":4},"end":{"line":216,"column":32}},"53":{"start":{"line":10,"column":0},"end":{"line":10,"column":13}}},"fnMap":{"0":{"name":"(anonymous_8)","decl":{"start":{"line":10,"column":0},"end":{"line":10,"column":13}},"loc":{"start":{"line":10,"column":0},"end":{"line":218,"column":1}}},"1":{"name":"(anonymous_9)","decl":{"start":{"line":22,"column":8},"end":{"line":22,"column":22}},"loc":{"start":{"line":25,"column":18},"end":{"line":57,"column":null}}},"2":{"name":"(anonymous_11)","decl":{"start":{"line":27,"column":37},"end":{"line":27,"column":44}},"loc":{"start":{"line":27,"column":74},"end":{"line":56,"column":6}}},"3":{"name":"(anonymous_12)","decl":{"start":{"line":27,"column":74},"end":{"line":27,"column":null}},"loc":{"start":{"line":27,"column":74},"end":{"line":56,"column":5}}},"4":{"name":"(anonymous_13)","decl":{"start":{"line":70,"column":8},"end":{"line":70,"column":20}},"loc":{"start":{"line":70,"column":20},"end":{"line":126,"column":null}}},"5":{"name":"(anonymous_14)","decl":{"start":{"line":71,"column":4},"end":{"line":71,"column":18}},"loc":{"start":{"line":77,"column":31},"end":{"line":126,"column":3}}},"6":{"name":"(anonymous_15)","decl":{"start":{"line":136,"column":8},"end":{"line":136,"column":26}},"loc":{"start":{"line":139,"column":18},"end":{"line":163,"column":null}}},"7":{"name":"(anonymous_17)","decl":{"start":{"line":142,"column":6},"end":{"line":142,"column":13}},"loc":{"start":{"line":142,"column":43},"end":{"line":161,"column":null}}},"8":{"name":"(anonymous_18)","decl":{"start":{"line":142,"column":43},"end":{"line":142,"column":null}},"loc":{"start":{"line":142,"column":43},"end":{"line":161,"column":7}}},"9":{"name":"(anonymous_19)","decl":{"start":{"line":175,"column":8},"end":{"line":175,"column":24}},"loc":{"start":{"line":175,"column":24},"end":{"line":217,"column":null}}},"10":{"name":"(anonymous_20)","decl":{"start":{"line":176,"column":4},"end":{"line":176,"column":20}},"loc":{"start":{"line":181,"column":19},"end":{"line":217,"column":3}}}},"branchMap":{"0":{"loc":{"start":{"line":32,"column":6},"end":{"line":32,"column":63}},"type":"if","locations":[{"start":{"line":32,"column":6},"end":{"line":32,"column":63}}]},"1":{"loc":{"start":{"line":38,"column":6},"end":{"line":38,"column":69}},"type":"if","locations":[{"start":{"line":38,"column":6},"end":{"line":38,"column":69}}]},"2":{"loc":{"start":{"line":40,"column":6},"end":{"line":41,"column":54}},"type":"if","locations":[{"start":{"line":40,"column":6},"end":{"line":41,"column":54}}]},"3":{"loc":{"start":{"line":72,"column":4},"end":{"line":72,"column":20}},"type":"default-arg","locations":[{"start":{"line":72,"column":19},"end":{"line":72,"column":20}}]},"4":{"loc":{"start":{"line":73,"column":4},"end":{"line":73,"column":22}},"type":"default-arg","locations":[{"start":{"line":73,"column":20},"end":{"line":73,"column":22}}]},"5":{"loc":{"start":{"line":88,"column":4},"end":{"line":99,"column":5}},"type":"if","locations":[{"start":{"line":88,"column":4},"end":{"line":99,"column":5}}]},"6":{"loc":{"start":{"line":88,"column":8},"end":{"line":88,"column":28}},"type":"binary-expr","locations":[{"start":{"line":88,"column":8},"end":{"line":88,"column":17}},{"start":{"line":88,"column":21},"end":{"line":88,"column":28}}]},"7":{"loc":{"start":{"line":101,"column":4},"end":{"line":106,"column":5}},"type":"if","locations":[{"start":{"line":101,"column":4},"end":{"line":106,"column":5}}]},"8":{"loc":{"start":{"line":108,"column":4},"end":{"line":110,"column":5}},"type":"if","locations":[{"start":{"line":108,"column":4},"end":{"line":110,"column":5}}]},"9":{"loc":{"start":{"line":150,"column":8},"end":{"line":152,"column":9}},"type":"if","locations":[{"start":{"line":150,"column":8},"end":{"line":152,"column":9}}]},"10":{"loc":{"start":{"line":150,"column":12},"end":{"line":150,"column":32}},"type":"binary-expr","locations":[{"start":{"line":150,"column":12},"end":{"line":150,"column":18}},{"start":{"line":150,"column":22},"end":{"line":150,"column":32}}]},"11":{"loc":{"start":{"line":177,"column":4},"end":{"line":177,"column":20}},"type":"default-arg","locations":[{"start":{"line":177,"column":19},"end":{"line":177,"column":20}}]},"12":{"loc":{"start":{"line":178,"column":4},"end":{"line":178,"column":22}},"type":"default-arg","locations":[{"start":{"line":178,"column":20},"end":{"line":178,"column":22}}]},"13":{"loc":{"start":{"line":194,"column":4},"end":{"line":199,"column":5}},"type":"if","locations":[{"start":{"line":194,"column":4},"end":{"line":199,"column":5}}]},"14":{"loc":{"start":{"line":194,"column":8},"end":{"line":194,"column":28}},"type":"binary-expr","locations":[{"start":{"line":194,"column":8},"end":{"line":194,"column":17}},{"start":{"line":194,"column":21},"end":{"line":194,"column":28}}]}},"s":{"0":2,"1":2,"2":2,"3":2,"4":2,"5":10,"6":4,"7":4,"8":4,"9":4,"10":1,"11":3,"12":3,"13":1,"14":2,"15":1,"16":1,"17":1,"18":1,"19":1,"20":1,"21":4,"22":4,"23":4,"24":1,"25":1,"26":1,"27":4,"28":1,"29":4,"30":1,"31":4,"32":4,"33":2,"34":2,"35":2,"36":2,"37":2,"38":1,"39":1,"40":1,"41":1,"42":1,"43":1,"44":1,"45":0,"46":0,"47":0,"48":0,"49":0,"50":0,"51":0,"52":0,"53":2},"f":{"0":10,"1":4,"2":4,"3":4,"4":4,"5":4,"6":2,"7":2,"8":2,"9":0,"10":0},"b":{"0":[1],"1":[1],"2":[1],"3":[0],"4":[0],"5":[1],"6":[4,1],"7":[1],"8":[1],"9":[1],"10":[2,1],"11":[0],"12":[0],"13":[0],"14":[0,0]}}
,"C:\\Users\\Ibrahim Adekunle\\Desktop\\simple-money-transfer\\money-transfer-api\\src\\services\\userService.ts": {"path":"C:\\Users\\Ibrahim Adekunle\\Desktop\\simple-money-transfer\\money-transfer-api\\src\\services\\userService.ts","statementMap":{"0":{"start":{"line":1,"column":0},"end":{"line":1,"column":51}},"1":{"start":{"line":2,"column":0},"end":{"line":2,"column":50}},"2":{"start":{"line":5,"column":0},"end":{"line":5,"column":49}},"3":{"start":{"line":6,"column":0},"end":{"line":6,"column":40}},"4":{"start":{"line":8,"column":23},"end":{"line":8,"column":56}},"5":{"start":{"line":18,"column":19},"end":{"line":18,"column":37}},"6":{"start":{"line":21,"column":4},"end":{"line":21,"column":34}},"7":{"start":{"line":31,"column":4},"end":{"line":31,"column":72}},"8":{"start":{"line":41,"column":23},"end":{"line":41,"column":52}},"9":{"start":{"line":42,"column":4},"end":{"line":47,"column":5}},"10":{"start":{"line":46,"column":6},"end":{"line":46,"column":32}},"11":{"start":{"line":48,"column":4},"end":{"line":48,"column":16}},"12":{"start":{"line":57,"column":4},"end":{"line":57,"column":53}},"13":{"start":{"line":66,"column":4},"end":{"line":66,"column":59}},"14":{"start":{"line":76,"column":26},"end":{"line":76,"column":55}},"15":{"start":{"line":77,"column":4},"end":{"line":79,"column":5}},"16":{"start":{"line":78,"column":6},"end":{"line":78,"column":27}},"17":{"start":{"line":81,"column":17},"end":{"line":81,"column":72}},"18":{"start":{"line":82,"column":4},"end":{"line":84,"column":5}},"19":{"start":{"line":83,"column":6},"end":{"line":83,"column":48}},"20":{"start":{"line":86,"column":4},"end":{"line":86,"column":48}},"21":{"start":{"line":87,"column":4},"end":{"line":87,"column":24}},"22":{"start":{"line":97,"column":4},"end":{"line":112,"column":7}},"23":{"start":{"line":97,"column":73},"end":{"line":112,"column":6}},"24":{"start":{"line":98,"column":19},"end":{"line":101,"column":8}},"25":{"start":{"line":103,"column":6},"end":{"line":105,"column":7}},"26":{"start":{"line":104,"column":8},"end":{"line":104,"column":50}},"27":{"start":{"line":107,"column":6},"end":{"line":107,"column":32}},"28":{"start":{"line":108,"column":6},"end":{"line":108,"column":56}},"29":{"start":{"line":111,"column":6},"end":{"line":111,"column":48}},"30":{"start":{"line":128,"column":4},"end":{"line":158,"column":7}},"31":{"start":{"line":128,"column":74},"end":{"line":158,"column":6}},"32":{"start":{"line":129,"column":20},"end":{"line":132,"column":8}},"33":{"start":{"line":133,"column":6},"end":{"line":141,"column":7}},"34":{"start":{"line":137,"column":8},"end":{"line":140,"column":10}},"35":{"start":{"line":143,"column":19},"end":{"line":146,"column":8}},"36":{"start":{"line":147,"column":6},"end":{"line":149,"column":7}},"37":{"start":{"line":148,"column":8},"end":{"line":148,"column":50}},"38":{"start":{"line":151,"column":6},"end":{"line":151,"column":59}},"39":{"start":{"line":152,"column":26},"end":{"line":152,"column":75}},"40":{"start":{"line":155,"column":6},"end":{"line":155,"column":57}},"41":{"start":{"line":157,"column":6},"end":{"line":157,"column":25}},"42":{"start":{"line":170,"column":4},"end":{"line":202,"column":null}},"43":{"start":{"line":175,"column":17},"end":{"line":175,"column":35}},"44":{"start":{"line":177,"column":29},"end":{"line":179,"column":6}},"45":{"start":{"line":181,"column":4},"end":{"line":183,"column":5}},"46":{"start":{"line":182,"column":6},"end":{"line":182,"column":49}},"47":{"start":{"line":185,"column":27},"end":{"line":199,"column":6}},"48":{"start":{"line":201,"column":4},"end":{"line":201,"column":26}},"49":{"start":{"line":13,"column":0},"end":{"line":13,"column":13}}},"fnMap":{"0":{"name":"(anonymous_7)","decl":{"start":{"line":20,"column":2},"end":{"line":20,"column":null}},"loc":{"start":{"line":20,"column":2},"end":{"line":22,"column":3}}},"1":{"name":"(anonymous_8)","decl":{"start":{"line":30,"column":10},"end":{"line":30,"column":26}},"loc":{"start":{"line":30,"column":58},"end":{"line":32,"column":3}}},"2":{"name":"(anonymous_9)","decl":{"start":{"line":40,"column":10},"end":{"line":40,"column":26}},"loc":{"start":{"line":40,"column":41},"end":{"line":49,"column":3}}},"3":{"name":"(anonymous_10)","decl":{"start":{"line":56,"column":8},"end":{"line":56,"column":19}},"loc":{"start":{"line":56,"column":30},"end":{"line":58,"column":null}}},"4":{"name":"(anonymous_12)","decl":{"start":{"line":65,"column":8},"end":{"line":65,"column":25}},"loc":{"start":{"line":65,"column":42},"end":{"line":67,"column":null}}},"5":{"name":"(anonymous_14)","decl":{"start":{"line":75,"column":8},"end":{"line":75,"column":22}},"loc":{"start":{"line":75,"column":37},"end":{"line":88,"column":null}}},"6":{"name":"(anonymous_16)","decl":{"start":{"line":96,"column":8},"end":{"line":96,"column":25}},"loc":{"start":{"line":96,"column":60},"end":{"line":113,"column":null}}},"7":{"name":"(anonymous_18)","decl":{"start":{"line":97,"column":36},"end":{"line":97,"column":43}},"loc":{"start":{"line":97,"column":73},"end":{"line":112,"column":6}}},"8":{"name":"(anonymous_19)","decl":{"start":{"line":97,"column":73},"end":{"line":97,"column":null}},"loc":{"start":{"line":97,"column":73},"end":{"line":112,"column":5}}},"9":{"name":"(anonymous_20)","decl":{"start":{"line":123,"column":8},"end":{"line":123,"column":23}},"loc":{"start":{"line":126,"column":18},"end":{"line":159,"column":null}}},"10":{"name":"(anonymous_22)","decl":{"start":{"line":128,"column":37},"end":{"line":128,"column":44}},"loc":{"start":{"line":128,"column":74},"end":{"line":158,"column":6}}},"11":{"name":"(anonymous_23)","decl":{"start":{"line":128,"column":74},"end":{"line":128,"column":null}},"loc":{"start":{"line":128,"column":74},"end":{"line":158,"column":5}}},"12":{"name":"(anonymous_24)","decl":{"start":{"line":169,"column":8},"end":{"line":169,"column":24}},"loc":{"start":{"line":169,"column":24},"end":{"line":202,"column":null}}},"13":{"name":"(anonymous_25)","decl":{"start":{"line":170,"column":4},"end":{"line":170,"column":19}},"loc":{"start":{"line":173,"column":23},"end":{"line":202,"column":3}}}},"branchMap":{"0":{"loc":{"start":{"line":42,"column":4},"end":{"line":47,"column":5}},"type":"if","locations":[{"start":{"line":42,"column":4},"end":{"line":47,"column":5}}]},"1":{"loc":{"start":{"line":43,"column":6},"end":{"line":44,"column":78}},"type":"binary-expr","locations":[{"start":{"line":43,"column":6},"end":{"line":43,"column":16}},{"start":{"line":44,"column":6},"end":{"line":44,"column":78}}]},"2":{"loc":{"start":{"line":77,"column":4},"end":{"line":79,"column":5}},"type":"if","locations":[{"start":{"line":77,"column":4},"end":{"line":79,"column":5}}]},"3":{"loc":{"start":{"line":82,"column":4},"end":{"line":84,"column":5}},"type":"if","locations":[{"start":{"line":82,"column":4},"end":{"line":84,"column":5}}]},"4":{"loc":{"start":{"line":103,"column":6},"end":{"line":105,"column":7}},"type":"if","locations":[{"start":{"line":103,"column":6},"end":{"line":105,"column":7}}]},"5":{"loc":{"start":{"line":133,"column":6},"end":{"line":141,"column":7}},"type":"if","locations":[{"start":{"line":133,"column":6},"end":{"line":141,"column":7}}]},"6":{"loc":{"start":{"line":134,"column":8},"end":{"line":135,"column":78}},"type":"binary-expr","locations":[{"start":{"line":134,"column":8},"end":{"line":134,"column":14}},{"start":{"line":135,"column":9},"end":{"line":135,"column":38}},{"start":{"line":135,"column":42},"end":{"line":135,"column":77}}]},"7":{"loc":{"start":{"line":147,"column":6},"end":{"line":149,"column":7}},"type":"if","locations":[{"start":{"line":147,"column":6},"end":{"line":149,"column":7}}]},"8":{"loc":{"start":{"line":170,"column":4},"end":{"line":170,"column":20}},"type":"default-arg","locations":[{"start":{"line":170,"column":19},"end":{"line":170,"column":20}}]},"9":{"loc":{"start":{"line":171,"column":4},"end":{"line":171,"column":22}},"type":"default-arg","locations":[{"start":{"line":171,"column":20},"end":{"line":171,"column":22}}]},"10":{"loc":{"start":{"line":181,"column":4},"end":{"line":183,"column":5}},"type":"if","locations":[{"start":{"line":181,"column":4},"end":{"line":183,"column":5}}]},"11":{"loc":{"start":{"line":181,"column":8},"end":{"line":181,"column":39}},"type":"binary-expr","locations":[{"start":{"line":181,"column":8},"end":{"line":181,"column":29}},{"start":{"line":181,"column":33},"end":{"line":181,"column":39}}]}},"s":{"0":3,"1":3,"2":3,"3":3,"4":3,"5":6,"6":6,"7":0,"8":0,"9":0,"10":0,"11":0,"12":0,"13":0,"14":2,"15":2,"16":1,"17":1,"18":1,"19":0,"20":1,"21":1,"22":2,"23":2,"24":2,"25":2,"26":1,"27":1,"28":1,"29":1,"30":0,"31":0,"32":0,"33":0,"34":0,"35":0,"36":0,"37":0,"38":0,"39":0,"40":0,"41":0,"42":2,"43":2,"44":2,"45":2,"46":1,"47":2,"48":2,"49":3},"f":{"0":6,"1":0,"2":0,"3":0,"4":0,"5":2,"6":2,"7":2,"8":2,"9":0,"10":0,"11":0,"12":2,"13":2},"b":{"0":[0],"1":[0,0],"2":[1],"3":[0],"4":[1],"5":[0],"6":[0,0,0],"7":[0],"8":[0],"9":[0],"10":[1],"11":[2,1]}}
,"C:\\Users\\Ibrahim Adekunle\\Desktop\\simple-money-transfer\\money-transfer-api\\src\\utils\\customErrors.ts": {"path":"C:\\Users\\Ibrahim Adekunle\\Desktop\\simple-money-transfer\\money-transfer-api\\src\\utils\\customErrors.ts","statementMap":{"0":{"start":{"line":27,"column":4},"end":{"line":27,"column":19}},"1":{"start":{"line":28,"column":4},"end":{"line":28,"column":33}},"2":{"start":{"line":29,"column":4},"end":{"line":29,"column":25}},"3":{"start":{"line":30,"column":4},"end":{"line":30,"column":52}},"4":{"start":{"line":5,"column":0},"end":{"line":5,"column":13}},"5":{"start":{"line":44,"column":4},"end":{"line":44,"column":24}},"6":{"start":{"line":38,"column":0},"end":{"line":38,"column":13}},"7":{"start":{"line":58,"column":4},"end":{"line":58,"column":43}},"8":{"start":{"line":52,"column":0},"end":{"line":52,"column":13}}},"fnMap":{"0":{"name":"(anonymous_0)","decl":{"start":{"line":22,"column":2},"end":{"line":22,"column":null}},"loc":{"start":{"line":25,"column":38},"end":{"line":31,"column":3}}},"1":{"name":"(anonymous_1)","decl":{"start":{"line":43,"column":2},"end":{"line":43,"column":14}},"loc":{"start":{"line":43,"column":52},"end":{"line":45,"column":3}}},"2":{"name":"(anonymous_2)","decl":{"start":{"line":57,"column":2},"end":{"line":57,"column":14}},"loc":{"start":{"line":57,"column":47},"end":{"line":59,"column":3}}}},"branchMap":{"0":{"loc":{"start":{"line":43,"column":14},"end":{"line":43,"column":52}},"type":"default-arg","locations":[{"start":{"line":43,"column":32},"end":{"line":43,"column":52}}]}},"s":{"0":20,"1":20,"2":20,"3":20,"4":10,"5":0,"6":10,"7":0,"8":10},"f":{"0":20,"1":0,"2":0},"b":{"0":[0]}}
,"C:\\Users\\Ibrahim Adekunle\\Desktop\\simple-money-transfer\\money-transfer-api\\src\\utils\\logger.ts": {"path":"C:\\Users\\Ibrahim Adekunle\\Desktop\\simple-money-transfer\\money-transfer-api\\src\\utils\\logger.ts","statementMap":{"0":{"start":{"line":1,"column":0},"end":{"line":1,"column":30}},"1":{"start":{"line":9,"column":15},"end":{"line":43,"column":2}},"2":{"start":{"line":45,"column":0},"end":{"line":45,"column":22}}},"fnMap":{},"branchMap":{},"s":{"0":5,"1":5,"2":5},"f":{},"b":{}}
}
