TN:
SF:src\config\database.ts
FN:27,(anonymous_8)
FN:27,(anonymous_9)
FNF:2
FNH:0
FNDA:0,(anonymous_8)
FNDA:0,(anonymous_9)
DA:1,4
DA:2,4
DA:3,4
DA:5,4
DA:11,4
DA:27,4
DA:28,0
DA:29,0
DA:30,0
DA:31,0
DA:33,0
DA:34,0
LF:12
LH:6
BRDA:14,0,0,4
BRDA:14,0,1,0
BRDA:14,1,0,4
BRDA:14,1,1,4
BRF:4
BRH:3
end_of_record
TN:
SF:src\controllers\authController.ts
FN:7,(anonymous_7)
FN:21,(anonymous_9)
FNF:2
FNH:2
FNDA:2,(anonymous_7)
FNDA:2,(anonymous_9)
DA:2,1
DA:4,1
DA:6,1
DA:8,2
DA:9,2
DA:10,2
DA:11,1
DA:17,1
DA:22,2
DA:23,2
DA:24,2
DA:25,1
DA:27,1
LF:13
LH:13
BRF:0
BRH:0
end_of_record
TN:
SF:src\controllers\transferController.ts
FN:10,(anonymous_7)
FN:27,(anonymous_9)
FN:68,(anonymous_11)
FN:90,(anonymous_13)
FNF:4
FNH:4
FNDA:2,(anonymous_7)
FNDA:1,(anonymous_9)
FNDA:1,(anonymous_11)
FNDA:1,(anonymous_13)
DA:2,1
DA:3,1
DA:6,1
DA:7,1
DA:9,1
DA:11,2
DA:12,2
DA:13,2
DA:14,1
DA:16,1
DA:17,1
DA:19,1
DA:23,0
DA:28,1
DA:29,1
DA:30,1
DA:31,0
DA:34,1
DA:35,1
DA:36,1
DA:39,1
DA:42,1
DA:43,1
DA:45,1
DA:55,1
DA:64,0
DA:69,1
DA:70,1
DA:71,1
DA:72,0
DA:74,1
DA:77,1
DA:80,1
DA:82,1
DA:86,0
DA:91,1
DA:92,1
DA:93,0
DA:95,1
DA:96,1
DA:97,1
DA:98,1
DA:101,1
DA:104,1
DA:106,1
DA:115,1
DA:123,0
LF:47
LH:40
BRDA:13,0,0,1
BRDA:29,1,0,0
BRDA:29,1,1,1
BRDA:29,2,0,1
BRDA:29,2,1,1
BRDA:30,3,0,0
BRDA:34,4,0,1
BRDA:34,4,1,1
BRDA:35,5,0,1
BRDA:35,5,1,1
BRDA:36,6,0,0
BRDA:36,6,1,1
BRDA:39,7,0,0
BRDA:39,7,1,1
BRDA:71,8,0,0
BRDA:92,9,0,0
BRDA:96,10,0,1
BRDA:96,10,1,1
BRDA:97,11,0,1
BRDA:97,11,1,1
BRDA:98,12,0,0
BRDA:98,12,1,1
BRDA:101,13,0,0
BRDA:101,13,1,1
BRF:24
BRH:16
end_of_record
TN:
SF:src\controllers\userController.ts
FN:8,(anonymous_7)
FN:25,(anonymous_9)
FN:41,(anonymous_11)
FN:68,(anonymous_13)
FNF:4
FNH:2
FNDA:2,(anonymous_7)
FNDA:0,(anonymous_9)
FNDA:0,(anonymous_11)
FNDA:2,(anonymous_13)
DA:2,1
DA:3,1
DA:5,1
DA:7,1
DA:9,2
DA:10,2
DA:11,2
DA:12,2
DA:14,0
DA:21,0
DA:26,0
DA:27,0
DA:28,0
DA:29,0
DA:31,0
DA:37,0
DA:42,0
DA:43,0
DA:44,0
DA:45,0
DA:46,0
DA:48,0
DA:55,0
DA:64,0
DA:69,2
DA:70,2
DA:72,2
DA:74,2
DA:75,1
DA:79,1
DA:81,1
DA:87,1
LF:32
LH:16
BRDA:11,0,0,2
BRDA:28,1,0,0
BRDA:43,2,0,0
BRDA:43,2,1,0
BRDA:44,3,0,0
BRDA:44,3,1,0
BRDA:72,4,0,2
BRDA:74,5,0,1
BRF:8
BRH:3
end_of_record
TN:
SF:src\database\seed.ts
FN:10,seedSuperAdmin
FNF:1
FNH:1
FNDA:3,seedSuperAdmin
DA:2,5
DA:3,5
DA:4,5
DA:5,5
DA:6,5
DA:8,5
DA:10,5
DA:11,3
DA:14,3
DA:18,3
DA:20,3
DA:21,2
DA:22,1
DA:27,1
DA:29,1
DA:36,1
DA:37,1
DA:39,1
LF:18
LH:18
BRDA:20,0,0,2
BRDA:20,0,1,1
BRDA:21,1,0,1
BRF:3
BRH:3
end_of_record
TN:
SF:src\entities\Transfer.ts
FN:4,(anonymous_2)
FN:14,(anonymous_3)
FN:14,(anonymous_4)
FN:17,(anonymous_5)
FN:17,(anonymous_6)
FNF:5
FNH:1
FNDA:9,(anonymous_2)
FNDA:0,(anonymous_3)
FNDA:0,(anonymous_4)
FNDA:0,(anonymous_5)
FNDA:0,(anonymous_6)
DA:1,9
DA:2,9
DA:4,9
DA:5,9
DA:6,9
DA:10,9
DA:12,9
DA:14,0
DA:15,9
DA:17,0
DA:18,9
DA:21,9
DA:28,9
DA:31,9
LF:14
LH:12
BRDA:4,0,0,9
BRDA:4,0,1,9
BRF:2
BRH:2
end_of_record
TN:
SF:src\entities\User.ts
FN:4,(anonymous_2)
FN:31,(anonymous_3)
FN:31,(anonymous_4)
FN:34,(anonymous_5)
FN:34,(anonymous_6)
FNF:5
FNH:1
FNDA:9,(anonymous_2)
FNDA:0,(anonymous_3)
FNDA:0,(anonymous_4)
FNDA:0,(anonymous_5)
FNDA:0,(anonymous_6)
DA:1,9
DA:2,9
DA:4,9
DA:5,9
DA:6,9
DA:7,9
DA:11,9
DA:13,9
DA:16,9
DA:19,9
DA:26,9
DA:29,9
DA:31,0
DA:32,9
DA:34,0
DA:35,9
DA:38,9
DA:41,9
LF:18
LH:16
BRDA:4,0,0,9
BRDA:4,0,1,9
BRF:2
BRH:2
end_of_record
TN:
SF:src\middleware\auth.ts
FN:24,(anonymous_8)
FN:28,(anonymous_9)
FN:38,(anonymous_10)
FN:42,(anonymous_11)
FN:64,(anonymous_12)
FN:68,(anonymous_13)
FN:78,(anonymous_14)
FN:82,(anonymous_15)
FNF:8
FNH:8
FNDA:3,(anonymous_8)
FNDA:3,(anonymous_9)
FNDA:2,(anonymous_10)
FNDA:2,(anonymous_11)
FNDA:4,(anonymous_12)
FNDA:4,(anonymous_13)
FNDA:3,(anonymous_14)
FNDA:3,(anonymous_15)
DA:2,1
DA:24,1
DA:28,3
DA:29,3
DA:30,3
DA:32,3
DA:33,1
DA:34,1
DA:37,2
DA:38,2
DA:39,2
DA:43,2
DA:44,1
DA:49,1
DA:50,1
DA:52,1
DA:64,1
DA:68,4
DA:69,4
DA:70,4
DA:72,4
DA:73,1
DA:74,1
DA:77,3
DA:78,3
DA:79,3
DA:83,3
DA:84,2
DA:89,2
DA:90,1
DA:91,1
DA:94,1
DA:95,1
DA:96,1
DA:98,1
LF:35
LH:35
BRDA:30,0,0,1
BRDA:30,0,1,2
BRDA:30,1,0,3
BRDA:30,1,1,3
BRDA:32,2,0,1
BRDA:43,3,0,1
BRDA:43,3,1,1
BRDA:70,4,0,1
BRDA:70,4,1,3
BRDA:70,5,0,4
BRDA:70,5,1,4
BRDA:72,6,0,1
BRDA:83,7,0,1
BRDA:83,7,1,2
BRDA:89,8,0,1
BRDA:89,9,0,2
BRDA:89,9,1,1
BRF:17
BRH:17
end_of_record
TN:
SF:src\middleware\errorHandler.ts
FN:19,(anonymous_0)
FNF:1
FNH:1
FNDA:5,(anonymous_0)
DA:19,1
DA:25,5
DA:26,5
DA:27,5
DA:29,5
LF:5
LH:5
BRDA:25,0,0,2
BRDA:25,0,1,3
BRDA:25,1,0,5
BRDA:25,1,1,5
BRDA:26,2,0,5
BRDA:26,2,1,1
BRDA:27,3,0,5
BRDA:27,3,1,4
BRDA:33,4,0,1
BRDA:33,4,1,4
BRF:10
BRH:10
end_of_record
TN:
SF:src\services\authService.ts
FN:20,(anonymous_8)
FN:45,(anonymous_10)
FNF:2
FNH:2
FNDA:2,(anonymous_8)
FNDA:3,(anonymous_10)
DA:1,2
DA:2,2
DA:3,2
DA:4,2
DA:5,2
DA:7,2
DA:12,2
DA:21,2
DA:24,2
DA:25,1
DA:28,1
DA:29,1
DA:35,1
DA:46,3
DA:47,3
DA:48,1
DA:51,2
DA:52,2
DA:53,1
DA:56,1
DA:63,1
LF:21
LH:21
BRDA:24,0,0,1
BRDA:47,1,0,1
BRDA:52,2,0,1
BRF:3
BRH:3
end_of_record
TN:
SF:src\services\transferService.ts
FN:10,(anonymous_8)
FN:22,(anonymous_9)
FN:27,(anonymous_11)
FN:27,(anonymous_12)
FN:70,(anonymous_13)
FN:71,(anonymous_14)
FN:136,(anonymous_15)
FN:142,(anonymous_17)
FN:142,(anonymous_18)
FN:175,(anonymous_19)
FN:176,(anonymous_20)
FNF:11
FNH:9
FNDA:10,(anonymous_8)
FNDA:4,(anonymous_9)
FNDA:4,(anonymous_11)
FNDA:4,(anonymous_12)
FNDA:4,(anonymous_13)
FNDA:4,(anonymous_14)
FNDA:2,(anonymous_15)
FNDA:2,(anonymous_17)
FNDA:2,(anonymous_18)
FNDA:0,(anonymous_19)
FNDA:0,(anonymous_20)
DA:1,2
DA:2,2
DA:3,2
DA:4,2
DA:5,2
DA:10,2
DA:11,10
DA:27,4
DA:28,4
DA:32,4
DA:34,3
DA:38,3
DA:40,2
DA:41,1
DA:43,1
DA:44,1
DA:46,1
DA:48,1
DA:55,1
DA:71,4
DA:79,4
DA:88,4
DA:89,1
DA:92,1
DA:95,1
DA:101,4
DA:102,1
DA:108,4
DA:109,1
DA:112,4
DA:125,4
DA:141,2
DA:142,2
DA:143,2
DA:146,2
DA:150,2
DA:151,1
DA:154,1
DA:155,1
DA:156,1
DA:157,1
DA:158,1
DA:160,1
DA:176,0
DA:183,0
DA:187,0
DA:190,0
DA:194,0
DA:195,0
DA:201,0
DA:216,0
LF:51
LH:43
BRDA:32,0,0,1
BRDA:38,1,0,1
BRDA:40,2,0,1
BRDA:72,3,0,0
BRDA:73,4,0,0
BRDA:88,5,0,1
BRDA:88,6,0,4
BRDA:88,6,1,1
BRDA:101,7,0,1
BRDA:108,8,0,1
BRDA:150,9,0,1
BRDA:150,10,0,2
BRDA:150,10,1,1
BRDA:177,11,0,0
BRDA:178,12,0,0
BRDA:194,13,0,0
BRDA:194,14,0,0
BRDA:194,14,1,0
BRF:18
BRH:11
end_of_record
TN:
SF:src\services\userService.ts
FN:20,(anonymous_7)
FN:30,(anonymous_8)
FN:40,(anonymous_9)
FN:56,(anonymous_10)
FN:65,(anonymous_12)
FN:75,(anonymous_14)
FN:96,(anonymous_16)
FN:97,(anonymous_18)
FN:97,(anonymous_19)
FN:123,(anonymous_20)
FN:128,(anonymous_22)
FN:128,(anonymous_23)
FN:169,(anonymous_24)
FN:170,(anonymous_25)
FNF:14
FNH:7
FNDA:6,(anonymous_7)
FNDA:0,(anonymous_8)
FNDA:0,(anonymous_9)
FNDA:0,(anonymous_10)
FNDA:0,(anonymous_12)
FNDA:2,(anonymous_14)
FNDA:2,(anonymous_16)
FNDA:2,(anonymous_18)
FNDA:2,(anonymous_19)
FNDA:0,(anonymous_20)
FNDA:0,(anonymous_22)
FNDA:0,(anonymous_23)
FNDA:2,(anonymous_24)
FNDA:2,(anonymous_25)
DA:1,3
DA:2,3
DA:5,3
DA:6,3
DA:8,3
DA:13,3
DA:18,6
DA:21,6
DA:31,0
DA:41,0
DA:42,0
DA:46,0
DA:48,0
DA:57,0
DA:66,0
DA:76,2
DA:77,2
DA:78,1
DA:81,1
DA:82,1
DA:83,0
DA:86,1
DA:87,1
DA:97,2
DA:98,2
DA:103,2
DA:104,1
DA:107,1
DA:108,1
DA:111,1
DA:128,0
DA:129,0
DA:133,0
DA:137,0
DA:143,0
DA:147,0
DA:148,0
DA:151,0
DA:152,0
DA:155,0
DA:157,0
DA:170,2
DA:175,2
DA:177,2
DA:181,2
DA:182,1
DA:185,2
DA:201,2
LF:48
LH:29
BRDA:42,0,0,0
BRDA:43,1,0,0
BRDA:43,1,1,0
BRDA:77,2,0,1
BRDA:82,3,0,0
BRDA:103,4,0,1
BRDA:133,5,0,0
BRDA:134,6,0,0
BRDA:134,6,1,0
BRDA:134,6,2,0
BRDA:147,7,0,0
BRDA:170,8,0,0
BRDA:171,9,0,0
BRDA:181,10,0,1
BRDA:181,11,0,2
BRDA:181,11,1,1
BRF:16
BRH:5
end_of_record
TN:
SF:src\utils\customErrors.ts
FN:22,(anonymous_0)
FN:43,(anonymous_1)
FN:57,(anonymous_2)
FNF:3
FNH:1
FNDA:20,(anonymous_0)
FNDA:0,(anonymous_1)
FNDA:0,(anonymous_2)
DA:5,10
DA:27,20
DA:28,20
DA:29,20
DA:30,20
DA:38,10
DA:44,0
DA:52,10
DA:58,0
LF:9
LH:7
BRDA:43,0,0,0
BRF:1
BRH:0
end_of_record
TN:
SF:src\utils\logger.ts
FNF:0
FNH:0
DA:1,5
DA:9,5
DA:45,5
LF:3
LH:3
BRF:0
BRH:0
end_of_record
